<?xml version="1.0" encoding="UTF-8"?>
<testsuite name="BankServiceSingleCustomerTest" tests="4" skipped="0" failures="0" errors="0" timestamp="2021-11-16T11:51:33" hostname="AU03-WZENG-NB1" time="0.041">
  <properties/>
  <testcase name="testBankTotalToEqual10AfterDeposit()" classname="BankServiceSingleCustomerTest" time="0.034"/>
  <testcase name="testInitialCashAccountSetUp()" classname="BankServiceSingleCustomerTest" time="0.001"/>
  <testcase name="testCashAccountBalanceToEqual10AfterDeposit()" classname="BankServiceSingleCustomerTest" time="0.001"/>
  <testcase name="testInitialBankTotal()" classname="BankServiceSingleCustomerTest" time="0.001"/>
  <system-out><![CDATA[]]></system-out>
  <system-err><![CDATA[]]></system-err>
</testsuite>
